{"/Users/sq/Code/UW FullStack Course/Back-End Application Development with JavaScript/Class 1/server.js": {"path":"/Users/sq/Code/UW FullStack Course/Back-End Application Development with JavaScript/Class 1/server.js","statementMap":{"0":{"start":{"line":1,"column":16},"end":{"line":1,"column":34}},"1":{"start":{"line":3,"column":15},"end":{"line":3,"column":34}},"2":{"start":{"line":5,"column":15},"end":{"line":5,"column":24}},"3":{"start":{"line":6,"column":0},"end":{"line":6,"column":27}},"4":{"start":{"line":8,"column":0},"end":{"line":8,"column":19}},"5":{"start":{"line":10,"column":0},"end":{"line":10,"column":24}}},"fnMap":{},"branchMap":{},"s":{"0":1,"1":1,"2":1,"3":1,"4":1,"5":1},"f":{},"b":{},"_coverageSchema":"1a1c01bbd47fc00a2c39e90264f33305004495a9","hash":"6eea4e4584e3f8e8e2681d94e3559bbc59c3546e"}
,"/Users/sq/Code/UW FullStack Course/Back-End Application Development with JavaScript/Class 1/daos/items.js": {"path":"/Users/sq/Code/UW FullStack Course/Back-End Application Development with JavaScript/Class 1/daos/items.js","statementMap":{"0":{"start":{"line":1,"column":13},"end":{"line":1,"column":28}},"1":{"start":{"line":3,"column":0},"end":{"line":3,"column":20}},"2":{"start":{"line":5,"column":0},"end":{"line":5,"column":26}},"3":{"start":{"line":7,"column":0},"end":{"line":9,"column":2}},"4":{"start":{"line":8,"column":1},"end":{"line":8,"column":29}},"5":{"start":{"line":11,"column":0},"end":{"line":13,"column":2}},"6":{"start":{"line":12,"column":1},"end":{"line":12,"column":64}},"7":{"start":{"line":12,"column":44},"end":{"line":12,"column":62}},"8":{"start":{"line":15,"column":0},"end":{"line":20,"column":2}},"9":{"start":{"line":16,"column":21},"end":{"line":18,"column":2}},"10":{"start":{"line":17,"column":12},"end":{"line":17,"column":30}},"11":{"start":{"line":19,"column":1},"end":{"line":19,"column":52}},"12":{"start":{"line":22,"column":0},"end":{"line":29,"column":2}},"13":{"start":{"line":23,"column":22},"end":{"line":25,"column":2}},"14":{"start":{"line":24,"column":12},"end":{"line":24,"column":30}},"15":{"start":{"line":26,"column":1},"end":{"line":28,"column":2}},"16":{"start":{"line":27,"column":2},"end":{"line":27,"column":67}},"17":{"start":{"line":31,"column":0},"end":{"line":36,"column":2}},"18":{"start":{"line":32,"column":12},"end":{"line":32,"column":21}},"19":{"start":{"line":33,"column":17},"end":{"line":33,"column":32}},"20":{"start":{"line":34,"column":1},"end":{"line":34,"column":36}},"21":{"start":{"line":35,"column":1},"end":{"line":35,"column":16}}},"fnMap":{"0":{"name":"(anonymous_0)","decl":{"start":{"line":7,"column":24},"end":{"line":7,"column":25}},"loc":{"start":{"line":7,"column":30},"end":{"line":9,"column":1}},"line":7},"1":{"name":"(anonymous_1)","decl":{"start":{"line":11,"column":25},"end":{"line":11,"column":26}},"loc":{"start":{"line":11,"column":37},"end":{"line":13,"column":1}},"line":11},"2":{"name":"(anonymous_2)","decl":{"start":{"line":12,"column":34},"end":{"line":12,"column":35}},"loc":{"start":{"line":12,"column":44},"end":{"line":12,"column":62}},"line":12},"3":{"name":"(anonymous_3)","decl":{"start":{"line":15,"column":28},"end":{"line":15,"column":29}},"loc":{"start":{"line":15,"column":46},"end":{"line":20,"column":1}},"line":15},"4":{"name":"(anonymous_4)","decl":{"start":{"line":17,"column":2},"end":{"line":17,"column":3}},"loc":{"start":{"line":17,"column":12},"end":{"line":17,"column":30}},"line":17},"5":{"name":"(anonymous_5)","decl":{"start":{"line":22,"column":28},"end":{"line":22,"column":29}},"loc":{"start":{"line":22,"column":54},"end":{"line":29,"column":1}},"line":22},"6":{"name":"(anonymous_6)","decl":{"start":{"line":24,"column":2},"end":{"line":24,"column":3}},"loc":{"start":{"line":24,"column":12},"end":{"line":24,"column":30}},"line":24},"7":{"name":"(anonymous_7)","decl":{"start":{"line":31,"column":24},"end":{"line":31,"column":25}},"loc":{"start":{"line":31,"column":40},"end":{"line":36,"column":1}},"line":31}},"branchMap":{"0":{"loc":{"start":{"line":26,"column":1},"end":{"line":28,"column":2}},"type":"if","locations":[{"start":{"line":26,"column":1},"end":{"line":28,"column":2}},{"start":{"line":26,"column":1},"end":{"line":28,"column":2}}],"line":26}},"s":{"0":1,"1":1,"2":1,"3":1,"4":1,"5":1,"6":2,"7":4,"8":1,"9":2,"10":3,"11":2,"12":1,"13":3,"14":5,"15":3,"16":2,"17":1,"18":1,"19":1,"20":1,"21":1},"f":{"0":1,"1":2,"2":4,"3":2,"4":3,"5":3,"6":5,"7":1},"b":{"0":[2,1]},"_coverageSchema":"1a1c01bbd47fc00a2c39e90264f33305004495a9","hash":"96f90a9dd26c44cdbafca26ed8dcee28e5ae27a1"}
,"/Users/sq/Code/UW FullStack Course/Back-End Application Development with JavaScript/Class 1/routes/index.js": {"path":"/Users/sq/Code/UW FullStack Course/Back-End Application Development with JavaScript/Class 1/routes/index.js","statementMap":{"0":{"start":{"line":1,"column":19},"end":{"line":1,"column":37}},"1":{"start":{"line":2,"column":15},"end":{"line":2,"column":23}},"2":{"start":{"line":4,"column":0},"end":{"line":4,"column":41}},"3":{"start":{"line":6,"column":0},"end":{"line":6,"column":24}}},"fnMap":{},"branchMap":{},"s":{"0":1,"1":1,"2":1,"3":1},"f":{},"b":{},"_coverageSchema":"1a1c01bbd47fc00a2c39e90264f33305004495a9","hash":"1d7e853927ef975b94c19ee8147caf37104e0f55"}
,"/Users/sq/Code/UW FullStack Course/Back-End Application Development with JavaScript/Class 1/routes/items.js": {"path":"/Users/sq/Code/UW FullStack Course/Back-End Application Development with JavaScript/Class 1/routes/items.js","statementMap":{"0":{"start":{"line":1,"column":19},"end":{"line":1,"column":37}},"1":{"start":{"line":2,"column":15},"end":{"line":2,"column":23}},"2":{"start":{"line":4,"column":16},"end":{"line":4,"column":40}},"3":{"start":{"line":6,"column":0},"end":{"line":8,"column":3}},"4":{"start":{"line":7,"column":2},"end":{"line":7,"column":28}},"5":{"start":{"line":10,"column":0},"end":{"line":18,"column":3}},"6":{"start":{"line":11,"column":14},"end":{"line":11,"column":44}},"7":{"start":{"line":12,"column":1},"end":{"line":17,"column":2}},"8":{"start":{"line":13,"column":2},"end":{"line":13,"column":17}},"9":{"start":{"line":14,"column":2},"end":{"line":14,"column":22}},"10":{"start":{"line":16,"column":2},"end":{"line":16,"column":22}},"11":{"start":{"line":20,"column":0},"end":{"line":23,"column":3}},"12":{"start":{"line":21,"column":2},"end":{"line":21,"column":27}},"13":{"start":{"line":22,"column":2},"end":{"line":22,"column":22}},"14":{"start":{"line":25,"column":0},"end":{"line":28,"column":3}},"15":{"start":{"line":26,"column":1},"end":{"line":26,"column":55}},"16":{"start":{"line":27,"column":1},"end":{"line":27,"column":21}},"17":{"start":{"line":30,"column":0},"end":{"line":33,"column":3}},"18":{"start":{"line":31,"column":1},"end":{"line":31,"column":45}},"19":{"start":{"line":32,"column":1},"end":{"line":32,"column":21}},"20":{"start":{"line":35,"column":0},"end":{"line":35,"column":24}}},"fnMap":{"0":{"name":"(anonymous_0)","decl":{"start":{"line":6,"column":16},"end":{"line":6,"column":17}},"loc":{"start":{"line":6,"column":36},"end":{"line":8,"column":1}},"line":6},"1":{"name":"(anonymous_1)","decl":{"start":{"line":10,"column":19},"end":{"line":10,"column":20}},"loc":{"start":{"line":10,"column":39},"end":{"line":18,"column":1}},"line":10},"2":{"name":"(anonymous_2)","decl":{"start":{"line":20,"column":17},"end":{"line":20,"column":18}},"loc":{"start":{"line":20,"column":37},"end":{"line":23,"column":1}},"line":20},"3":{"name":"(anonymous_3)","decl":{"start":{"line":25,"column":19},"end":{"line":25,"column":20}},"loc":{"start":{"line":25,"column":39},"end":{"line":28,"column":1}},"line":25},"4":{"name":"(anonymous_4)","decl":{"start":{"line":30,"column":22},"end":{"line":30,"column":23}},"loc":{"start":{"line":30,"column":42},"end":{"line":33,"column":1}},"line":30}},"branchMap":{"0":{"loc":{"start":{"line":12,"column":1},"end":{"line":17,"column":2}},"type":"if","locations":[{"start":{"line":12,"column":1},"end":{"line":17,"column":2}},{"start":{"line":12,"column":1},"end":{"line":17,"column":2}}],"line":12}},"s":{"0":1,"1":1,"2":1,"3":1,"4":1,"5":1,"6":2,"7":2,"8":1,"9":1,"10":1,"11":1,"12":1,"13":1,"14":1,"15":3,"16":3,"17":1,"18":2,"19":2,"20":1},"f":{"0":1,"1":2,"2":1,"3":3,"4":2},"b":{"0":[1,1]},"_coverageSchema":"1a1c01bbd47fc00a2c39e90264f33305004495a9","hash":"7d832ef5a29a125022db664fab3026f3fa7a55df"}
}
